<?xml version="1.0" encoding="UTF-8"?>
<!-- Generated by org.testng.reporters.JUnitReportReporter -->
<testsuite hostname="DESKTOP-M7ANFRQ" failures="0" tests="1" name="testcases.Login" time="33.696" errors="0" timestamp="2025-01-26T18:04:26 IST" skipped="0">
  <testcase classname="testcases.Login" name="LoginTest" time="33.696"/>
</testsuite> <!-- testcases.Login -->
